{"uuid":"da125806-2be3-41f8-9acb-473b057c1a4a","historyId":"32e882b21e5c41766d3dbfeb4047c531","fullName":"This feature is to get pending timesheet: This is to verify the pending timesheet","labels":[{"name":"host","value":"LAPTOP-M5SGUT72"},{"name":"thread","value":"34312@LAPTOP-M5SGUT72.main(1)"},{"name":"feature","value":"This feature is to get pending timesheet"},{"name":"story","value":"This is to verify the pending timesheet"},{"name":"suite","value":"This feature is to get pending timesheet"},{"name":"testClass","value":"This is to verify the pending timesheet"},{"name":"framework","value":"cucumber4jvm"},{"name":"language","value":"java"},{"name":"gherkin_uri","value":"classpath:features/verify_Pending_TS.feature"},{"name":"package","value":"features.verify_Pending_TS_feature.This feature is to get pending timesheet"}],"links":[],"name":"This is to verify the pending timesheet","status":"failed","statusDetails":{"known":false,"muted":false,"flaky":false,"message":"expected [No Timesheets Found] but found [Timesheets Pending Action]","trace":"java.lang.AssertionError: expected [No Timesheets Found] but found [Timesheets Pending Action]\r\n\tat org.testng.Assert.fail(Assert.java:110)\r\n\tat org.testng.Assert.failNotEquals(Assert.java:1413)\r\n\tat org.testng.Assert.assertEqualsImpl(Assert.java:149)\r\n\tat org.testng.Assert.assertEquals(Assert.java:131)\r\n\tat org.testng.Assert.assertEquals(Assert.java:655)\r\n\tat org.testng.Assert.assertEquals(Assert.java:665)\r\n\tat com.lao.step_definitions.VerifyPendingTS.user_should_see_the_message_as(VerifyPendingTS.java:74)\r\n\tat ✽.User should see the message as \"No Timesheets Found\"(classpath:features/verify_Pending_TS.feature:8)\r\n"},"stage":"finished","steps":[{"name":"Given  User is on the home page","status":"passed","statusDetails":{"known":false,"muted":false,"flaky":false},"stage":"finished","steps":[],"attachments":[],"parameters":[],"start":1672317150480,"stop":1672317150486},{"name":"And  User clicks on the time option from menu","status":"passed","statusDetails":{"known":false,"muted":false,"flaky":false},"stage":"finished","steps":[],"attachments":[],"parameters":[],"start":1672317150487,"stop":1672317151596},{"name":"And  User enters name as \"John Smith\"","status":"passed","statusDetails":{"known":false,"muted":false,"flaky":false},"stage":"finished","steps":[],"attachments":[],"parameters":[],"start":1672317151597,"stop":1672317152067},{"name":"And  Clicks on the view button","status":"passed","statusDetails":{"known":false,"muted":false,"flaky":false},"stage":"finished","steps":[],"attachments":[],"parameters":[],"start":1672317152069,"stop":1672317152104},{"name":"Then  User should see the message as \"No Timesheets Found\"","status":"failed","statusDetails":{"known":false,"muted":false,"flaky":false,"message":"expected [No Timesheets Found] but found [Timesheets Pending Action]","trace":"java.lang.AssertionError: expected [No Timesheets Found] but found [Timesheets Pending Action]\r\n\tat org.testng.Assert.fail(Assert.java:110)\r\n\tat org.testng.Assert.failNotEquals(Assert.java:1413)\r\n\tat org.testng.Assert.assertEqualsImpl(Assert.java:149)\r\n\tat org.testng.Assert.assertEquals(Assert.java:131)\r\n\tat org.testng.Assert.assertEquals(Assert.java:655)\r\n\tat org.testng.Assert.assertEquals(Assert.java:665)\r\n\tat com.lao.step_definitions.VerifyPendingTS.user_should_see_the_message_as(VerifyPendingTS.java:74)\r\n\tat ✽.User should see the message as \"No Timesheets Found\"(classpath:features/verify_Pending_TS.feature:8)\r\n"},"stage":"finished","steps":[],"attachments":[],"parameters":[],"start":1672317152105,"stop":1672317152143}],"attachments":[],"parameters":[{"name":"message","value":"No Timesheets Found"}],"start":1672317150477,"stop":1672317152284}